gpu504-37 pinned to port 8890

To connect to the compute node gpu504-37 on IBEX running your jupyter notebook server,
you need to run following two commands in a terminal

1. Command to create ssh tunnel from you workstation/laptop to cs-login:
ssh -L 8890:gpu504-37:8890 dahala@glogin.ibex.kaust.edu.sa

Copy the link provided below by jupyter-server and replace the NODENAME with localhost before pasting it in your browser on your workstation/laptop

[I 10:00:42.674 NotebookApp] Serving notebooks from local directory: /home/dahala/InsarPrediction
[I 10:00:42.674 NotebookApp] Jupyter Notebook 6.5.2 is running at:
[I 10:00:42.674 NotebookApp] http://gpu504-37:8890/?token=5163e348865e37ca4d1d812882afba50895b18ef8e903763
[I 10:00:42.674 NotebookApp]  or http://127.0.0.1:8890/?token=5163e348865e37ca4d1d812882afba50895b18ef8e903763
[I 10:00:42.674 NotebookApp] Use Control-C to stop this server and shut down all kernels (twice to skip confirmation).
[C 10:00:42.685 NotebookApp] 
    
    To access the notebook, open this file in a browser:
        file:///home/dahala/.local/share/jupyter/runtime/nbserver-125517-open.html
    Or copy and paste one of these URLs:
        http://gpu504-37:8890/?token=5163e348865e37ca4d1d812882afba50895b18ef8e903763
     or http://127.0.0.1:8890/?token=5163e348865e37ca4d1d812882afba50895b18ef8e903763
[I 10:01:48.942 NotebookApp] Creating new notebook in 
[I 10:01:49.368 NotebookApp] Kernel started: 4d5e8db0-80df-4823-a161-c539f48d35f9, name: python3
[W 10:01:49.404 NotebookApp] delete /FrontFile-jvsc-d5b1bb7f-5ee7-4519-ab9c-acd5f2f191bfcf29c2b6-029e-4525-951a-916d1b219562.ipynb
2023-06-08 10:01:53.283475: I tensorflow/core/platform/cpu_feature_guard.cc:193] This TensorFlow binary is optimized with oneAPI Deep Neural Network Library (oneDNN) to use the following CPU instructions in performance-critical operations:  AVX2 AVX512F FMA
To enable them in other operations, rebuild TensorFlow with the appropriate compiler flags.
2023-06-08 10:01:53.568193: E tensorflow/stream_executor/cuda/cuda_blas.cc:2981] Unable to register cuBLAS factory: Attempting to register factory for plugin cuBLAS when one has already been registered
2023-06-08 10:01:57.189667: W tensorflow/stream_executor/platform/default/dso_loader.cc:64] Could not load dynamic library 'libnvinfer.so.7'; dlerror: libnvinfer.so.7: cannot open shared object file: No such file or directory; LD_LIBRARY_PATH: :/home/dahala/miniconda3/envs/dlashok/lib/
2023-06-08 10:01:57.190702: W tensorflow/stream_executor/platform/default/dso_loader.cc:64] Could not load dynamic library 'libnvinfer_plugin.so.7'; dlerror: libnvinfer_plugin.so.7: cannot open shared object file: No such file or directory; LD_LIBRARY_PATH: :/home/dahala/miniconda3/envs/dlashok/lib/
2023-06-08 10:01:57.190724: W tensorflow/compiler/tf2tensorrt/utils/py_utils.cc:38] TF-TRT Warning: Cannot dlopen some TensorRT libraries. If you would like to use Nvidia GPU with TensorRT, please make sure the missing libraries mentioned above are installed properly.
[I 10:03:35.840 NotebookApp] Kernel restarted: 4d5e8db0-80df-4823-a161-c539f48d35f9
[I 10:03:35.848 NotebookApp] Starting buffering for 4d5e8db0-80df-4823-a161-c539f48d35f9:62dfdc5c-bba5-4050-a948-2c33cad88506
[I 10:03:35.866 NotebookApp] Restoring connection for 4d5e8db0-80df-4823-a161-c539f48d35f9:62dfdc5c-bba5-4050-a948-2c33cad88506
2023-06-08 10:03:38.646014: I tensorflow/core/platform/cpu_feature_guard.cc:193] This TensorFlow binary is optimized with oneAPI Deep Neural Network Library (oneDNN) to use the following CPU instructions in performance-critical operations:  AVX2 AVX512F FMA
To enable them in other operations, rebuild TensorFlow with the appropriate compiler flags.
2023-06-08 10:03:38.892270: E tensorflow/stream_executor/cuda/cuda_blas.cc:2981] Unable to register cuBLAS factory: Attempting to register factory for plugin cuBLAS when one has already been registered
2023-06-08 10:03:41.449494: W tensorflow/stream_executor/platform/default/dso_loader.cc:64] Could not load dynamic library 'libnvinfer.so.7'; dlerror: libnvinfer.so.7: cannot open shared object file: No such file or directory; LD_LIBRARY_PATH: :/home/dahala/miniconda3/envs/dlashok/lib/
2023-06-08 10:03:41.449686: W tensorflow/stream_executor/platform/default/dso_loader.cc:64] Could not load dynamic library 'libnvinfer_plugin.so.7'; dlerror: libnvinfer_plugin.so.7: cannot open shared object file: No such file or directory; LD_LIBRARY_PATH: :/home/dahala/miniconda3/envs/dlashok/lib/
2023-06-08 10:03:41.449706: W tensorflow/compiler/tf2tensorrt/utils/py_utils.cc:38] TF-TRT Warning: Cannot dlopen some TensorRT libraries. If you would like to use Nvidia GPU with TensorRT, please make sure the missing libraries mentioned above are installed properly.
2023-06-08 10:03:54.722515: I tensorflow/core/platform/cpu_feature_guard.cc:193] This TensorFlow binary is optimized with oneAPI Deep Neural Network Library (oneDNN) to use the following CPU instructions in performance-critical operations:  AVX2 AVX512F FMA
To enable them in other operations, rebuild TensorFlow with the appropriate compiler flags.
2023-06-08 10:03:55.576658: I tensorflow/core/common_runtime/gpu/gpu_device.cc:1616] Created device /job:localhost/replica:0/task:0/device:GPU:0 with 10404 MB memory:  -> device: 0, name: NVIDIA GeForce GTX 1080 Ti, pci bus id: 0000:88:00.0, compute capability: 6.1
[I 10:11:51.829 NotebookApp] Kernel interrupted: 4d5e8db0-80df-4823-a161-c539f48d35f9
[I 10:12:50.593 NotebookApp] Kernel restarted: 4d5e8db0-80df-4823-a161-c539f48d35f9
[I 10:12:50.602 NotebookApp] Starting buffering for 4d5e8db0-80df-4823-a161-c539f48d35f9:62dfdc5c-bba5-4050-a948-2c33cad88506
[I 10:12:50.613 NotebookApp] Restoring connection for 4d5e8db0-80df-4823-a161-c539f48d35f9:62dfdc5c-bba5-4050-a948-2c33cad88506
[I 10:13:03.659 NotebookApp] Kernel restarted: 4d5e8db0-80df-4823-a161-c539f48d35f9
[I 10:13:03.665 NotebookApp] Starting buffering for 4d5e8db0-80df-4823-a161-c539f48d35f9:62dfdc5c-bba5-4050-a948-2c33cad88506
[I 10:13:03.672 NotebookApp] Restoring connection for 4d5e8db0-80df-4823-a161-c539f48d35f9:62dfdc5c-bba5-4050-a948-2c33cad88506
2023-06-08 10:13:08.448624: I tensorflow/core/platform/cpu_feature_guard.cc:193] This TensorFlow binary is optimized with oneAPI Deep Neural Network Library (oneDNN) to use the following CPU instructions in performance-critical operations:  AVX2 AVX512F FMA
To enable them in other operations, rebuild TensorFlow with the appropriate compiler flags.
2023-06-08 10:13:08.712069: E tensorflow/stream_executor/cuda/cuda_blas.cc:2981] Unable to register cuBLAS factory: Attempting to register factory for plugin cuBLAS when one has already been registered
2023-06-08 10:13:11.876454: W tensorflow/stream_executor/platform/default/dso_loader.cc:64] Could not load dynamic library 'libnvinfer.so.7'; dlerror: libnvinfer.so.7: cannot open shared object file: No such file or directory; LD_LIBRARY_PATH: :/home/dahala/miniconda3/envs/dlashok/lib/
2023-06-08 10:13:11.876692: W tensorflow/stream_executor/platform/default/dso_loader.cc:64] Could not load dynamic library 'libnvinfer_plugin.so.7'; dlerror: libnvinfer_plugin.so.7: cannot open shared object file: No such file or directory; LD_LIBRARY_PATH: :/home/dahala/miniconda3/envs/dlashok/lib/
2023-06-08 10:13:11.876719: W tensorflow/compiler/tf2tensorrt/utils/py_utils.cc:38] TF-TRT Warning: Cannot dlopen some TensorRT libraries. If you would like to use Nvidia GPU with TensorRT, please make sure the missing libraries mentioned above are installed properly.
2023-06-08 10:13:21.981579: I tensorflow/core/platform/cpu_feature_guard.cc:193] This TensorFlow binary is optimized with oneAPI Deep Neural Network Library (oneDNN) to use the following CPU instructions in performance-critical operations:  AVX2 AVX512F FMA
To enable them in other operations, rebuild TensorFlow with the appropriate compiler flags.
2023-06-08 10:13:22.823369: I tensorflow/core/common_runtime/gpu/gpu_device.cc:1616] Created device /job:localhost/replica:0/task:0/device:GPU:0 with 10404 MB memory:  -> device: 0, name: NVIDIA GeForce GTX 1080 Ti, pci bus id: 0000:88:00.0, compute capability: 6.1
[I 11:15:08.591 NotebookApp] Kernel interrupted: 4d5e8db0-80df-4823-a161-c539f48d35f9
[I 11:16:03.303 NotebookApp] Kernel restarted: 4d5e8db0-80df-4823-a161-c539f48d35f9
[I 11:16:03.310 NotebookApp] Starting buffering for 4d5e8db0-80df-4823-a161-c539f48d35f9:62dfdc5c-bba5-4050-a948-2c33cad88506
[I 11:16:03.321 NotebookApp] Restoring connection for 4d5e8db0-80df-4823-a161-c539f48d35f9:62dfdc5c-bba5-4050-a948-2c33cad88506
2023-06-08 11:16:07.060237: I tensorflow/core/platform/cpu_feature_guard.cc:193] This TensorFlow binary is optimized with oneAPI Deep Neural Network Library (oneDNN) to use the following CPU instructions in performance-critical operations:  AVX2 AVX512F FMA
To enable them in other operations, rebuild TensorFlow with the appropriate compiler flags.
2023-06-08 11:16:07.328553: E tensorflow/stream_executor/cuda/cuda_blas.cc:2981] Unable to register cuBLAS factory: Attempting to register factory for plugin cuBLAS when one has already been registered
2023-06-08 11:16:10.576856: W tensorflow/stream_executor/platform/default/dso_loader.cc:64] Could not load dynamic library 'libnvinfer.so.7'; dlerror: libnvinfer.so.7: cannot open shared object file: No such file or directory; LD_LIBRARY_PATH: :/home/dahala/miniconda3/envs/dlashok/lib/
2023-06-08 11:16:10.577060: W tensorflow/stream_executor/platform/default/dso_loader.cc:64] Could not load dynamic library 'libnvinfer_plugin.so.7'; dlerror: libnvinfer_plugin.so.7: cannot open shared object file: No such file or directory; LD_LIBRARY_PATH: :/home/dahala/miniconda3/envs/dlashok/lib/
2023-06-08 11:16:10.577082: W tensorflow/compiler/tf2tensorrt/utils/py_utils.cc:38] TF-TRT Warning: Cannot dlopen some TensorRT libraries. If you would like to use Nvidia GPU with TensorRT, please make sure the missing libraries mentioned above are installed properly.
[I 11:18:12.705 NotebookApp] Kernel restarted: 4d5e8db0-80df-4823-a161-c539f48d35f9
[I 11:18:12.711 NotebookApp] Starting buffering for 4d5e8db0-80df-4823-a161-c539f48d35f9:62dfdc5c-bba5-4050-a948-2c33cad88506
[I 11:18:12.718 NotebookApp] Restoring connection for 4d5e8db0-80df-4823-a161-c539f48d35f9:62dfdc5c-bba5-4050-a948-2c33cad88506
2023-06-08 11:18:15.908257: I tensorflow/core/platform/cpu_feature_guard.cc:193] This TensorFlow binary is optimized with oneAPI Deep Neural Network Library (oneDNN) to use the following CPU instructions in performance-critical operations:  AVX2 AVX512F FMA
To enable them in other operations, rebuild TensorFlow with the appropriate compiler flags.
2023-06-08 11:18:16.170865: E tensorflow/stream_executor/cuda/cuda_blas.cc:2981] Unable to register cuBLAS factory: Attempting to register factory for plugin cuBLAS when one has already been registered
2023-06-08 11:18:18.289945: W tensorflow/stream_executor/platform/default/dso_loader.cc:64] Could not load dynamic library 'libnvinfer.so.7'; dlerror: libnvinfer.so.7: cannot open shared object file: No such file or directory; LD_LIBRARY_PATH: :/home/dahala/miniconda3/envs/dlashok/lib/
2023-06-08 11:18:18.290110: W tensorflow/stream_executor/platform/default/dso_loader.cc:64] Could not load dynamic library 'libnvinfer_plugin.so.7'; dlerror: libnvinfer_plugin.so.7: cannot open shared object file: No such file or directory; LD_LIBRARY_PATH: :/home/dahala/miniconda3/envs/dlashok/lib/
2023-06-08 11:18:18.290136: W tensorflow/compiler/tf2tensorrt/utils/py_utils.cc:38] TF-TRT Warning: Cannot dlopen some TensorRT libraries. If you would like to use Nvidia GPU with TensorRT, please make sure the missing libraries mentioned above are installed properly.
2023-06-08 11:19:03.888512: I tensorflow/core/platform/cpu_feature_guard.cc:193] This TensorFlow binary is optimized with oneAPI Deep Neural Network Library (oneDNN) to use the following CPU instructions in performance-critical operations:  AVX2 AVX512F FMA
To enable them in other operations, rebuild TensorFlow with the appropriate compiler flags.
2023-06-08 11:19:04.754576: I tensorflow/core/common_runtime/gpu/gpu_device.cc:1616] Created device /job:localhost/replica:0/task:0/device:GPU:0 with 10404 MB memory:  -> device: 0, name: NVIDIA GeForce GTX 1080 Ti, pci bus id: 0000:88:00.0, compute capability: 6.1
[I 11:19:24.431 NotebookApp] Kernel restarted: 4d5e8db0-80df-4823-a161-c539f48d35f9
[I 11:19:24.437 NotebookApp] Starting buffering for 4d5e8db0-80df-4823-a161-c539f48d35f9:62dfdc5c-bba5-4050-a948-2c33cad88506
[I 11:19:24.445 NotebookApp] Restoring connection for 4d5e8db0-80df-4823-a161-c539f48d35f9:62dfdc5c-bba5-4050-a948-2c33cad88506
2023-06-08 11:19:28.587356: I tensorflow/core/platform/cpu_feature_guard.cc:193] This TensorFlow binary is optimized with oneAPI Deep Neural Network Library (oneDNN) to use the following CPU instructions in performance-critical operations:  AVX2 AVX512F FMA
To enable them in other operations, rebuild TensorFlow with the appropriate compiler flags.
2023-06-08 11:19:28.849831: E tensorflow/stream_executor/cuda/cuda_blas.cc:2981] Unable to register cuBLAS factory: Attempting to register factory for plugin cuBLAS when one has already been registered
2023-06-08 11:19:31.058215: W tensorflow/stream_executor/platform/default/dso_loader.cc:64] Could not load dynamic library 'libnvinfer.so.7'; dlerror: libnvinfer.so.7: cannot open shared object file: No such file or directory; LD_LIBRARY_PATH: :/home/dahala/miniconda3/envs/dlashok/lib/
2023-06-08 11:19:31.058427: W tensorflow/stream_executor/platform/default/dso_loader.cc:64] Could not load dynamic library 'libnvinfer_plugin.so.7'; dlerror: libnvinfer_plugin.so.7: cannot open shared object file: No such file or directory; LD_LIBRARY_PATH: :/home/dahala/miniconda3/envs/dlashok/lib/
2023-06-08 11:19:31.058449: W tensorflow/compiler/tf2tensorrt/utils/py_utils.cc:38] TF-TRT Warning: Cannot dlopen some TensorRT libraries. If you would like to use Nvidia GPU with TensorRT, please make sure the missing libraries mentioned above are installed properly.
2023-06-08 11:19:39.014518: I tensorflow/core/platform/cpu_feature_guard.cc:193] This TensorFlow binary is optimized with oneAPI Deep Neural Network Library (oneDNN) to use the following CPU instructions in performance-critical operations:  AVX2 AVX512F FMA
To enable them in other operations, rebuild TensorFlow with the appropriate compiler flags.
2023-06-08 11:19:39.872564: I tensorflow/core/common_runtime/gpu/gpu_device.cc:1616] Created device /job:localhost/replica:0/task:0/device:GPU:0 with 10404 MB memory:  -> device: 0, name: NVIDIA GeForce GTX 1080 Ti, pci bus id: 0000:88:00.0, compute capability: 6.1
[I 12:07:01.117 NotebookApp] Kernel restarted: 4d5e8db0-80df-4823-a161-c539f48d35f9
2023-06-08 12:07:03.873562: I tensorflow/core/platform/cpu_feature_guard.cc:193] This TensorFlow binary is optimized with oneAPI Deep Neural Network Library (oneDNN) to use the following CPU instructions in performance-critical operations:  AVX2 AVX512F FMA
To enable them in other operations, rebuild TensorFlow with the appropriate compiler flags.
2023-06-08 12:07:04.138290: E tensorflow/stream_executor/cuda/cuda_blas.cc:2981] Unable to register cuBLAS factory: Attempting to register factory for plugin cuBLAS when one has already been registered
2023-06-08 12:07:07.128579: W tensorflow/stream_executor/platform/default/dso_loader.cc:64] Could not load dynamic library 'libnvinfer.so.7'; dlerror: libnvinfer.so.7: cannot open shared object file: No such file or directory; LD_LIBRARY_PATH: :/home/dahala/miniconda3/envs/dlashok/lib/
2023-06-08 12:07:07.128805: W tensorflow/stream_executor/platform/default/dso_loader.cc:64] Could not load dynamic library 'libnvinfer_plugin.so.7'; dlerror: libnvinfer_plugin.so.7: cannot open shared object file: No such file or directory; LD_LIBRARY_PATH: :/home/dahala/miniconda3/envs/dlashok/lib/
2023-06-08 12:07:07.128829: W tensorflow/compiler/tf2tensorrt/utils/py_utils.cc:38] TF-TRT Warning: Cannot dlopen some TensorRT libraries. If you would like to use Nvidia GPU with TensorRT, please make sure the missing libraries mentioned above are installed properly.
[I 12:08:54.822 NotebookApp] Kernel restarted: 4d5e8db0-80df-4823-a161-c539f48d35f9
[I 12:08:54.829 NotebookApp] Starting buffering for 4d5e8db0-80df-4823-a161-c539f48d35f9:1ddc4a14-5910-4c97-a3e2-92d16e3aa971
[I 12:08:54.837 NotebookApp] Restoring connection for 4d5e8db0-80df-4823-a161-c539f48d35f9:1ddc4a14-5910-4c97-a3e2-92d16e3aa971
2023-06-08 12:08:58.313637: I tensorflow/core/platform/cpu_feature_guard.cc:193] This TensorFlow binary is optimized with oneAPI Deep Neural Network Library (oneDNN) to use the following CPU instructions in performance-critical operations:  AVX2 AVX512F FMA
To enable them in other operations, rebuild TensorFlow with the appropriate compiler flags.
2023-06-08 12:08:58.573268: E tensorflow/stream_executor/cuda/cuda_blas.cc:2981] Unable to register cuBLAS factory: Attempting to register factory for plugin cuBLAS when one has already been registered
2023-06-08 12:09:01.012018: W tensorflow/stream_executor/platform/default/dso_loader.cc:64] Could not load dynamic library 'libnvinfer.so.7'; dlerror: libnvinfer.so.7: cannot open shared object file: No such file or directory; LD_LIBRARY_PATH: :/home/dahala/miniconda3/envs/dlashok/lib/
2023-06-08 12:09:01.012251: W tensorflow/stream_executor/platform/default/dso_loader.cc:64] Could not load dynamic library 'libnvinfer_plugin.so.7'; dlerror: libnvinfer_plugin.so.7: cannot open shared object file: No such file or directory; LD_LIBRARY_PATH: :/home/dahala/miniconda3/envs/dlashok/lib/
2023-06-08 12:09:01.012275: W tensorflow/compiler/tf2tensorrt/utils/py_utils.cc:38] TF-TRT Warning: Cannot dlopen some TensorRT libraries. If you would like to use Nvidia GPU with TensorRT, please make sure the missing libraries mentioned above are installed properly.
[I 12:57:00.241 NotebookApp] Kernel restarted: 4d5e8db0-80df-4823-a161-c539f48d35f9
[I 12:57:00.248 NotebookApp] Starting buffering for 4d5e8db0-80df-4823-a161-c539f48d35f9:1ddc4a14-5910-4c97-a3e2-92d16e3aa971
[I 12:57:00.260 NotebookApp] Restoring connection for 4d5e8db0-80df-4823-a161-c539f48d35f9:1ddc4a14-5910-4c97-a3e2-92d16e3aa971
2023-06-08 12:57:03.768234: I tensorflow/core/platform/cpu_feature_guard.cc:193] This TensorFlow binary is optimized with oneAPI Deep Neural Network Library (oneDNN) to use the following CPU instructions in performance-critical operations:  AVX2 AVX512F FMA
To enable them in other operations, rebuild TensorFlow with the appropriate compiler flags.
2023-06-08 12:57:04.028539: E tensorflow/stream_executor/cuda/cuda_blas.cc:2981] Unable to register cuBLAS factory: Attempting to register factory for plugin cuBLAS when one has already been registered
2023-06-08 12:57:06.702494: W tensorflow/stream_executor/platform/default/dso_loader.cc:64] Could not load dynamic library 'libnvinfer.so.7'; dlerror: libnvinfer.so.7: cannot open shared object file: No such file or directory; LD_LIBRARY_PATH: :/home/dahala/miniconda3/envs/dlashok/lib/
2023-06-08 12:57:06.702694: W tensorflow/stream_executor/platform/default/dso_loader.cc:64] Could not load dynamic library 'libnvinfer_plugin.so.7'; dlerror: libnvinfer_plugin.so.7: cannot open shared object file: No such file or directory; LD_LIBRARY_PATH: :/home/dahala/miniconda3/envs/dlashok/lib/
2023-06-08 12:57:06.702715: W tensorflow/compiler/tf2tensorrt/utils/py_utils.cc:38] TF-TRT Warning: Cannot dlopen some TensorRT libraries. If you would like to use Nvidia GPU with TensorRT, please make sure the missing libraries mentioned above are installed properly.
2023-06-08 12:57:48.699249: I tensorflow/core/platform/cpu_feature_guard.cc:193] This TensorFlow binary is optimized with oneAPI Deep Neural Network Library (oneDNN) to use the following CPU instructions in performance-critical operations:  AVX2 AVX512F FMA
To enable them in other operations, rebuild TensorFlow with the appropriate compiler flags.
2023-06-08 12:57:49.549963: I tensorflow/core/common_runtime/gpu/gpu_device.cc:1616] Created device /job:localhost/replica:0/task:0/device:GPU:0 with 10404 MB memory:  -> device: 0, name: NVIDIA GeForce GTX 1080 Ti, pci bus id: 0000:88:00.0, compute capability: 6.1
[I 19:27:11.234 NotebookApp] Starting buffering for 4d5e8db0-80df-4823-a161-c539f48d35f9:1ddc4a14-5910-4c97-a3e2-92d16e3aa971
slurmstepd: error: *** JOB 26035945 ON gpu504-37 CANCELLED AT 2023-06-08T21:00:52 DUE TO TIME LIMIT ***
